<?xml version="1.0" encoding="UTF-8"?>
<!-- Generated by org.testng.reporters.JUnitReportReporter -->
<testsuite skipped="0" hostname="LAPTOP-5JVTHK0I" name="mavenProject.NewTest" tests="3" failures="0" timestamp="2019-11-23T19:20:44 IST" time="21.571" errors="0">
  <testcase name="Tesing" time="21.562" classname="mavenProject.NewTest"/>
  <testcase name="show" time="0.005" classname="mavenProject.NewTest"/>
  <testcase name="f" time="0.004" classname="mavenProject.NewTest"/>
</testsuite> <!-- mavenProject.NewTest -->
